<?xml version="1.0" encoding="UTF-8"?>
<testsuite name="com.example.project.TestTriangle" tests="1" skipped="0" failures="0" errors="0" timestamp="2020-10-19T13:10:01" hostname="Seans-MacBook-Pro.local" time="0.041">
  <properties/>
  <testcase name="testPerimeter()" classname="com.example.project.TestTriangle" time="0.041"/>
  <system-out><![CDATA[testing perimeter of basic right triangle - passed
]]></system-out>
  <system-err><![CDATA[]]></system-err>
</testsuite>
